<?xml version="1.0" encoding="UTF-8"?>
<testng-results skipped="0" failed="0" ignored="0" total="1" passed="1">
  <reporter-output>
  </reporter-output>
  <suite name="Command line suite" duration-ms="146" started-at="2020-05-30T15:22:00 IST" finished-at="2020-05-30T15:22:00 IST">
    <groups>
    </groups>
    <test name="Command line test" duration-ms="146" started-at="2020-05-30T15:22:00 IST" finished-at="2020-05-30T15:22:00 IST">
      <class name="Automation.Cucumber.AppTest">
        <test-method status="PASS" signature="testApp()" name="testApp" duration-ms="40" started-at="2020-05-30T15:22:00 IST" finished-at="2020-05-30T15:22:00 IST">
          <reporter-output>
          </reporter-output>
        </test-method> <!-- testApp -->
      </class> <!-- Automation.Cucumber.AppTest -->
    </test> <!-- Command line test -->
  </suite> <!-- Command line suite -->
</testng-results>
